This is LuaHBTeX, Version 1.13.0 (TeX Live 2021)  (format=lualatex 2022.1.23)  7 JUL 2022 10:32
 system commands enabled.
**rulebook_spread.tex
(./rulebook_spread.tex
LaTeX2e <2020-10-01> patch level 4
Lua module: luaotfload 2021-01-08 3.17 Lua based OpenType font support
Lua module: lualibs 2020-12-30 2.73 ConTeXt Lua standard libraries.
Lua module: lualibs-extended 2020-12-30 2.73 ConTeXt Lua libraries -- extended c
ollection.
luaotfload | conf : Root cache directory is "/Users/mike/Library/texlive/2021/te
xmf-var/luatex-cache/generic/names".
luaotfload | init : Loading fontloader "fontloader-2021-01-07.lua" from kpse-res
olved path "/usr/local/texlive/2021/texmf-dist/tex/luatex/luaotfload/fontloader-
2021-01-07.lua".
Lua-only attribute luaotfload@noligature = 1
Lua-only attribute luaotfload@syllabe = 2
luaotfload | init : Context OpenType loader version 0x1.8e76c8b439581p+1
Inserting `luaotfload.node_processor' at position 1 in `pre_linebreak_filter'.
Inserting `luaotfload.node_processor' at position 1 in `hpack_filter'.
Inserting `luaotfload.glyph_stream' at position 1 in `glyph_stream_provider'.
Inserting `luaotfload.define_font' at position 1 in `define_font'.
Lua-only attribute luaotfload_color_attribute = 3
luaotfload | conf : Root cache directory is "/Users/mike/Library/texlive/2021/te
xmf-var/luatex-cache/generic/names".
Inserting `luaotfload.harf.strip_prefix' at position 1 in `find_opentype_file'.
Inserting `luaotfload.harf.strip_prefix' at position 1 in `find_truetype_file'.
Inserting `luaotfload.harf.finalize_vlist' at position 1 in `post_linebreak_filt
er'.
Inserting `luaotfload.harf.finalize_hlist' at position 2 in `hpack_filter'.
Inserting `luaotfload.cleanup_files' at position 1 in `wrapup_run'.
Inserting `luaotfload.harf.finalize_unicode' at position 1 in `finish_pdffile'.
Inserting `luaotfload.glyphinfo' at position 1 in `glyph_info'.
Inserting `luaotfload.aux.set_sscale_dimens' at position 1 in `luaotfload.patch_
font'.
Inserting `luaotfload.aux.set_font_index' at position 2 in `luaotfload.patch_fon
t'.
Inserting `luaotfload.aux.patch_cambria_domh' at position 3 in `luaotfload.patch
_font'.
Inserting `luaotfload.aux.fixup_fontdata' at position 1 in `luaotfload.patch_fon
t_unsafe'.
Inserting `luaotfload.aux.set_capheight' at position 4 in `luaotfload.patch_font
'.
Inserting `luaotfload.aux.set_xheight' at position 5 in `luaotfload.patch_font'.
Inserting `luaotfload.rewrite_fontname' at position 6 in `luaotfload.patch_font'
. L3 programming layer <2021-02-18>
(/usr/local/texlive/2021/texmf-dist/tex/latex/base/article.cls
Document Class: article 2020/04/10 v1.4m Standard LaTeX document class
(/usr/local/texlive/2021/texmf-dist/tex/latex/base/size10.clo
File: size10.clo 2020/04/10 v1.4m Standard LaTeX file (size option)
luaotfload | db : Font names database loaded from /Users/mike/Library/texlive/20
21/texmf-var/luatex-cache/generic/names/luaotfload-names.luc)
\c@part=\count175
\c@section=\count176
\c@subsection=\count177
\c@subsubsection=\count178
\c@paragraph=\count179
\c@subparagraph=\count180
\c@figure=\count181
\c@table=\count182
\abovecaptionskip=\skip47
\belowcaptionskip=\skip48
\bibindent=\dimen138
)
(/usr/local/texlive/2021/texmf-dist/tex/latex/pdfpages/pdfpages.sty
Package: pdfpages 2021/03/06 v0.5t Insert pages of external PDF documents (AM)

(/usr/local/texlive/2021/texmf-dist/tex/latex/base/ifthen.sty
Package: ifthen 2014/09/29 v1.1c Standard LaTeX ifthen package (DPC)
)
(/usr/local/texlive/2021/texmf-dist/tex/latex/tools/calc.sty
Package: calc 2017/05/25 v4.3 Infix arithmetic (KKT,FJ)
\calc@Acount=\count183
\calc@Bcount=\count184
\calc@Adimen=\dimen139
\calc@Bdimen=\dimen140
\calc@Askip=\skip49
\calc@Bskip=\skip50
LaTeX Info: Redefining \setlength on input line 80.
LaTeX Info: Redefining \addtolength on input line 81.
\calc@Ccount=\count185
\calc@Cskip=\skip51
)
(/usr/local/texlive/2021/texmf-dist/tex/latex/eso-pic/eso-pic.sty
Package: eso-pic 2020/10/14 v3.0a eso-pic (RN)
\ESO@tempdima=\dimen141
\ESO@tempdimb=\dimen142

(/usr/local/texlive/2021/texmf-dist/tex/latex/graphics/keyval.sty
Package: keyval 2014/10/28 v1.15 key=value parser (DPC)
\KV@toks@=\toks15
)
(/usr/local/texlive/2021/texmf-dist/tex/latex/xcolor/xcolor.sty
Package: xcolor 2016/05/11 v2.12 LaTeX color extensions (UK)

(/usr/local/texlive/2021/texmf-dist/tex/latex/graphics-cfg/color.cfg
File: color.cfg 2016/01/02 v1.6 sample color configuration
)
Package xcolor Info: Driver file: luatex.def on input line 225.

(/usr/local/texlive/2021/texmf-dist/tex/latex/graphics-def/luatex.def
File: luatex.def 2020/10/05 v1.2a Graphics/color driver for luatex
)
Package xcolor Info: Model `cmy' substituted by `cmy0' on input line 1348.
Package xcolor Info: Model `hsb' substituted by `rgb' on input line 1352.
Package xcolor Info: Model `RGB' extended on input line 1364.
Package xcolor Info: Model `HTML' substituted by `rgb' on input line 1366.
Package xcolor Info: Model `Hsb' substituted by `hsb' on input line 1367.
Package xcolor Info: Model `tHsb' substituted by `hsb' on input line 1368.
Package xcolor Info: Model `HSB' substituted by `hsb' on input line 1369.
Package xcolor Info: Model `Gray' substituted by `gray' on input line 1370.
Package xcolor Info: Model `wave' substituted by `hsb' on input line 1371.
))
(/usr/local/texlive/2021/texmf-dist/tex/latex/graphics/graphicx.sty
Package: graphicx 2020/09/09 v1.2b Enhanced LaTeX Graphics (DPC,SPQR)

(/usr/local/texlive/2021/texmf-dist/tex/latex/graphics/graphics.sty
Package: graphics 2020/08/30 v1.4c Standard LaTeX Graphics (DPC,SPQR)

(/usr/local/texlive/2021/texmf-dist/tex/latex/graphics/trig.sty
Package: trig 2016/01/03 v1.10 sin cos tan (DPC)
)
(/usr/local/texlive/2021/texmf-dist/tex/latex/graphics-cfg/graphics.cfg
File: graphics.cfg 2016/06/04 v1.11 sample graphics configuration
)
Package graphics Info: Driver file: luatex.def on input line 105.
)
\Gin@req@height=\dimen143
\Gin@req@width=\dimen144
)
\AM@pagewidth=\dimen145
\AM@pageheight=\dimen146
\AM@fboxrule=\dimen147

(/usr/local/texlive/2021/texmf-dist/tex/latex/pdfpages/ppluatex.def
File: ppluatex.def 2021/03/06 v0.5t Pdfpages driver for LuaTeX (AM)
)
\pdfpages@includegraphics@status=\count186
\AM@pagebox=\box47
\AM@global@opts=\toks16
\AM@pagecnt=\count187
\AM@toc@title=\toks17
\c@AM@survey=\count188
\AM@templatesizebox=\box48
)
(/usr/local/texlive/2021/texmf-dist/tex/latex/l3backend/l3backend-luatex.def
File: l3backend-luatex.def 2021-03-18 L3 backend support: PDF output (LuaTeX)
\l__color_backend_stack_int=\count189
\l__pdf_internal_box=\box49
)
(./rulebook_spread.aux)
\openout1 = rulebook_spread.aux

LaTeX Font Info:    Checking defaults for OML/cmm/m/it on input line 5.
LaTeX Font Info:    ... okay on input line 5.
LaTeX Font Info:    Checking defaults for OMS/cmsy/m/n on input line 5.
LaTeX Font Info:    ... okay on input line 5.
LaTeX Font Info:    Checking defaults for OT1/cmr/m/n on input line 5.
LaTeX Font Info:    ... okay on input line 5.
LaTeX Font Info:    Checking defaults for T1/cmr/m/n on input line 5.
LaTeX Font Info:    ... okay on input line 5.
LaTeX Font Info:    Checking defaults for TS1/cmr/m/n on input line 5.
LaTeX Font Info:    Trying to load font information for TS1+cmr on input line 5
.

(/usr/local/texlive/2021/texmf-dist/tex/latex/base/ts1cmr.fd
File: ts1cmr.fd 2019/12/16 v2.5j Standard LaTeX font definitions
)
LaTeX Font Info:    ... okay on input line 5.
LaTeX Font Info:    Checking defaults for TU/lmr/m/n on input line 5.
LaTeX Font Info:    ... okay on input line 5.
LaTeX Font Info:    Checking defaults for OMX/cmex/m/n on input line 5.
LaTeX Font Info:    ... okay on input line 5.
LaTeX Font Info:    Checking defaults for U/cmr/m/n on input line 5.
LaTeX Font Info:    ... okay on input line 5.

(/usr/local/texlive/2021/texmf-dist/tex/context/base/mkii/supp-pdf.mkii
[Loading MPS to PDF converter (version 2006.09.02).]
\scratchcounter=\count190
\scratchdimen=\dimen148
\scratchbox=\box50
\nofMPsegments=\count191
\nofMParguments=\count192
\everyMPshowfont=\toks18
\MPscratchCnt=\count193
\MPscratchDim=\dimen149
\MPnumerator=\count194
\makeMPintoPDFobject=\count195
\everyMPtoPDFconversion=\toks19
) (/usr/local/texlive/2021/texmf-dist/tex/latex/epstopdf-pkg/epstopdf-base.sty
Package: epstopdf-base 2020-01-24 v2.11 Base part for package epstopdf
Package epstopdf-base Info: Redefining graphics rule for `.eps' on input line 4
85.

(/usr/local/texlive/2021/texmf-dist/tex/latex/latexconfig/epstopdf-sys.cfg
File: epstopdf-sys.cfg 2010/07/13 v1.3 Configuration of (r)epstopdf for TeX Liv
e
))
(/usr/local/texlive/2021/texmf-dist/tex/latex/pdflscape/pdflscape.sty
Package: pdflscape 2019/12/05 v0.12 Display of landscape pages in PDF (HO)

(/usr/local/texlive/2021/texmf-dist/tex/generic/iftex/iftex.sty
Package: iftex 2020/03/06 v1.0d TeX engine tests
)
(/usr/local/texlive/2021/texmf-dist/tex/latex/graphics/lscape.sty
Package: lscape 2020/05/28 v3.02 Landscape Pages (DPC)
)
Package pdflscape Info: Auto-detected driver: pdftex on input line 81.
)
<../../RulesDocuments/endeavour_pages_full_colour.pdf, id=1, 421.10123pt x 597.
50829pt>
File: ../../RulesDocuments/endeavour_pages_full_colour.pdf Graphic file (type p
df)
<use ../../RulesDocuments/endeavour_pages_full_colour.pdf>
Package luatex.def Info: ../../RulesDocuments/endeavour_pages_full_colour.pdf  
used on input line 7.
(luatex.def)             Requested size: 421.10019pt x 597.50682pt.
File: ../../RulesDocuments/endeavour_pages_full_colour.pdf Graphic file (type p
df)
<use ../../RulesDocuments/endeavour_pages_full_colour.pdf>
Package luatex.def Info: ../../RulesDocuments/endeavour_pages_full_colour.pdf  
used on input line 7.
(luatex.def)             Requested size: 421.10019pt x 597.50682pt.
<../../RulesDocuments/endeavour_pages_full_colour.pdf, id=4, page=6, 421.10123p
t x 597.50829pt>
File: ../../RulesDocuments/endeavour_pages_full_colour.pdf Graphic file (type p
df)
<use ../../RulesDocuments/endeavour_pages_full_colour.pdf, page 6>
Package luatex.def Info: ../../RulesDocuments/endeavour_pages_full_colour.pdf ,
 page6 used on input line 7.
(luatex.def)             Requested size: 421.10019pt x 597.50682pt.
File: ../../RulesDocuments/endeavour_pages_full_colour.pdf Graphic file (type p
df)
<use ../../RulesDocuments/endeavour_pages_full_colour.pdf, page 6>
Package luatex.def Info: ../../RulesDocuments/endeavour_pages_full_colour.pdf ,
 page6 used on input line 7.
(luatex.def)             Requested size: 421.45358pt x 598.00826pt.
File: ../../RulesDocuments/endeavour_pages_full_colour.pdf Graphic file (type p
df)
<use ../../RulesDocuments/endeavour_pages_full_colour.pdf, page 6>
Package luatex.def Info: ../../RulesDocuments/endeavour_pages_full_colour.pdf ,
 page6 used on input line 7.
(luatex.def)             Requested size: 421.45358pt x 598.00826pt.
File: ../../RulesDocuments/endeavour_pages_full_colour.pdf Graphic file (type p
df)
<use ../../RulesDocuments/endeavour_pages_full_colour.pdf, page 6>
Package luatex.def Info: ../../RulesDocuments/endeavour_pages_full_colour.pdf ,
 page6 used on input line 7.
(luatex.def)             Requested size: 421.45358pt x 598.00826pt.
<../../RulesDocuments/endeavour_pages_full_colour.pdf, id=5, page=7, 421.10123p
t x 597.50829pt>
File: ../../RulesDocuments/endeavour_pages_full_colour.pdf Graphic file (type p
df)
<use ../../RulesDocuments/endeavour_pages_full_colour.pdf, page 7>
Package luatex.def Info: ../../RulesDocuments/endeavour_pages_full_colour.pdf ,
 page7 used on input line 7.
(luatex.def)             Requested size: 421.45358pt x 598.00826pt.
File: ../../RulesDocuments/endeavour_pages_full_colour.pdf Graphic file (type p
df)
<use ../../RulesDocuments/endeavour_pages_full_colour.pdf, page 7>
Package luatex.def Info: ../../RulesDocuments/endeavour_pages_full_colour.pdf ,
 page7 used on input line 7.
(luatex.def)             Requested size: 421.45358pt x 598.00826pt.
File: ../../RulesDocuments/endeavour_pages_full_colour.pdf Graphic file (type p
df)
<use ../../RulesDocuments/endeavour_pages_full_colour.pdf, page 6>
Package luatex.def Info: ../../RulesDocuments/endeavour_pages_full_colour.pdf ,
 page6 used on input line 7.
(luatex.def)             Requested size: 421.45358pt x 598.00826pt.
File: ../../RulesDocuments/endeavour_pages_full_colour.pdf Graphic file (type p
df)
<use ../../RulesDocuments/endeavour_pages_full_colour.pdf, page 7>
Package luatex.def Info: ../../RulesDocuments/endeavour_pages_full_colour.pdf ,
 page7 used on input line 7.
(luatex.def)             Requested size: 421.45358pt x 598.00826pt.
 [1

<../../RulesDocuments/endeavour_pages_full_colour.pdf><../../RulesDocuments/ende
avour_pages_full_colour.pdf>] (./rulebook_spread.aux))

Here is how much of LuaTeX's memory you used:
 2723 strings out of 478531
 100000,383344 words of node,token memory allocated
 411 words of node memory still in use:
   3 hlist, 1 vlist, 1 rule, 2 glue, 3 kern, 1 glyph, 4 attribute, 49 glue_spec,
 4 attribute_list, 1 write nodes
   avail lists: 2:108,3:19,4:10,5:51,6:2,7:54,9:144
 22519 multiletter control sequences out of 65536+600000
 23 fonts using 2647927 bytes
 83i,17n,84p,229b,466s stack positions out of 5000i,500n,10000p,200000b,80000s
Output written on rulebook_spread.pdf (1 page, 1703794 bytes).

PDF statistics: 45 PDF objects out of 1000 (max. 8388607)
 22 compressed objects within 1 object stream
 0 named destinations out of 1000 (max. 131072)
 1 words of extra memory for PDF output out of 10000 (max. 100000000)

